<?xml version="1.0" encoding="UTF-8"?>
<!-- Generated by org.testng.reporters.JUnitReportReporter -->
<testsuite skipped="0" hostname="Amar" name="com.oswal.poc.Login" tests="1" failures="0" timestamp="22 Jan 2021 05:56:23 GMT" time="92.407" errors="0">
  <testcase name="launchApp" time="92.407" classname="com.oswal.poc.Login"/>
</testsuite> <!-- com.oswal.poc.Login -->
